<?xml version="1.0" encoding="UTF-8"?>
<!-- Generated by org.testng.reporters.JUnitXMLReporter -->
<testsuite ignored="0" hostname="Elion-Macbook" failures="0" tests="4" name="Default test" time="0.29" errors="0" timestamp="2024-04-23T21:48:44 EDT">
  <testcase classname="com.neotech.testcases.DataProviderDemo" name="printInformation" time="0.003"/>
  <testcase classname="com.neotech.testcases.DataProviderDemo" name="printInformation" time="0.001"/>
  <testcase classname="com.neotech.testcases.DataProviderDemo" name="printInformation" time="0.001"/>
  <testcase classname="com.neotech.testcases.DataProviderDemo" name="printInformation" time="0.0"/>
</testsuite> <!-- Default test -->
