<?xml version="1.0" encoding="UTF-8"?>
<!-- Generated by org.testng.reporters.JUnitXMLReporter -->
<testsuite ignored="0" hostname="ulker" failures="1" tests="3" name="Regression" time="18.082" errors="0" timestamp="2024-04-18T21:27:34 EDT">
  <testcase classname="com.neotech.testcases.LoginTest" name="emptyPasswordLogin" time="0.202"/>
  <testcase classname="com.neotech.testcases.LoginTest" name="invalidPasswordLogin" time="2.96">
    <failure type="java.lang.AssertionError" message="Error messages do NOT match!!! expected [Invalid Credentials - ] but found [Invalid Credentials]">
      <![CDATA[java.lang.AssertionError: Error messages do NOT match!!! expected [Invalid Credentials - ] but found [Invalid Credentials]
at com.neotech.testcases.LoginTest.invalidPasswordLogin(LoginTest.java:82)
at java.base/java.util.ArrayList.forEach(ArrayList.java:1511)
... Removed 32 stack frames]]>
    </failure>
  </testcase> <!-- invalidPasswordLogin -->
  <testcase classname="com.neotech.testcases.LoginTest" name="validLogin" time="2.889"/>
</testsuite> <!-- Regression -->
