<?xml version="1.0" encoding="UTF-8"?>
<testng-results ignored="0" total="4" passed="4" failed="0" skipped="0">
  <reporter-output>
  </reporter-output>
  <suite started-at="2024-04-23T21:48:44 EDT" name="Default suite" finished-at="2024-04-23T21:48:44 EDT" duration-ms="290">
    <groups>
    </groups>
    <test started-at="2024-04-23T21:48:44 EDT" name="Default test" finished-at="2024-04-23T21:48:44 EDT" duration-ms="290">
      <class name="com.neotech.testcases.DataProviderDemo">
        <test-method signature="printInformation(java.lang.String,java.lang.String,java.lang.String)[pri:0, instance:com.neotech.testcases.DataProviderDemo@20deea7f]" started-at="2024-04-23T21:48:44 EDT" name="printInformation" data-provider="ExcelData" finished-at="2024-04-23T21:48:44 EDT" duration-ms="3" status="PASS">
          <params>
            <param index="0">
              <value>
                <![CDATA[Berke]]>
              </value>
            </param>
            <param index="1">
              <value>
                <![CDATA[Celik]]>
              </value>
            </param>
            <param index="2">
              <value>
                <![CDATA[59.0]]>
              </value>
            </param>
          </params>
          <reporter-output>
          </reporter-output>
        </test-method> <!-- printInformation -->
        <test-method signature="printInformation(java.lang.String,java.lang.String,java.lang.String)[pri:0, instance:com.neotech.testcases.DataProviderDemo@20deea7f]" started-at="2024-04-23T21:48:44 EDT" name="printInformation" data-provider="ExcelData" finished-at="2024-04-23T21:48:44 EDT" duration-ms="1" status="PASS">
          <params>
            <param index="0">
              <value>
                <![CDATA[Moe]]>
              </value>
            </param>
            <param index="1">
              <value>
                <![CDATA[Ghazy]]>
              </value>
            </param>
            <param index="2">
              <value>
                <![CDATA[82.0]]>
              </value>
            </param>
          </params>
          <reporter-output>
          </reporter-output>
        </test-method> <!-- printInformation -->
        <test-method signature="printInformation(java.lang.String,java.lang.String,java.lang.String)[pri:0, instance:com.neotech.testcases.DataProviderDemo@20deea7f]" started-at="2024-04-23T21:48:44 EDT" name="printInformation" data-provider="ExcelData" finished-at="2024-04-23T21:48:44 EDT" duration-ms="1" status="PASS">
          <params>
            <param index="0">
              <value>
                <![CDATA[Erhan]]>
              </value>
            </param>
            <param index="1">
              <value>
                <![CDATA[Gundogdu]]>
              </value>
            </param>
            <param index="2">
              <value>
                <![CDATA[45.0]]>
              </value>
            </param>
          </params>
          <reporter-output>
          </reporter-output>
        </test-method> <!-- printInformation -->
        <test-method signature="printInformation(java.lang.String,java.lang.String,java.lang.String)[pri:0, instance:com.neotech.testcases.DataProviderDemo@20deea7f]" started-at="2024-04-23T21:48:44 EDT" name="printInformation" data-provider="ExcelData" finished-at="2024-04-23T21:48:44 EDT" duration-ms="0" status="PASS">
          <params>
            <param index="0">
              <value>
                <![CDATA[Marcel]]>
              </value>
            </param>
            <param index="1">
              <value>
                <![CDATA[Mbappe]]>
              </value>
            </param>
            <param index="2">
              <value>
                <![CDATA[121.0]]>
              </value>
            </param>
          </params>
          <reporter-output>
          </reporter-output>
        </test-method> <!-- printInformation -->
      </class> <!-- com.neotech.testcases.DataProviderDemo -->
    </test> <!-- Default test -->
  </suite> <!-- Default suite -->
</testng-results>
